1577004427135	mozrunner::runner	INFO	Running command: "E:\\firefox.exe" "-marionette" "-foreground" "-no-remote" "-profile" "C:\\Users\\东贝鸟\\AppData\\Local\\Temp\\rust_mozprofile.YgCM2RVI0SaJ"
LdrLoadDll: Blocking load of 'safemon64.dll' -- see http://www.mozilla.com/en-US/blocklist/
LdrLoadDll: Blocking load of 'safemon64.dll' -- see http://www.mozilla.com/en-US/blocklist/
LdrLoadDll: Blocking load of 'safemon64.dll' -- see http://www.mozilla.com/en-US/blocklist/
1577004433939	addons.webextension.screenshots@mozilla.org	WARN	Loading extension 'screenshots@mozilla.org': Reading manifest: Invalid extension permission: mozillaAddons
1577004433939	addons.webextension.screenshots@mozilla.org	WARN	Loading extension 'screenshots@mozilla.org': Reading manifest: Invalid extension permission: telemetry
1577004433939	addons.webextension.screenshots@mozilla.org	WARN	Loading extension 'screenshots@mozilla.org': Reading manifest: Invalid extension permission: resource://pdf.js/
1577004433940	addons.webextension.screenshots@mozilla.org	WARN	Loading extension 'screenshots@mozilla.org': Reading manifest: Invalid extension permission: about:reader*
LdrLoadDll: Blocking load of 'safemon64.dll' -- see http://www.mozilla.com/en-US/blocklist/
LdrLoadDll: Blocking load of 'safemon64.dll' -- see http://www.mozilla.com/en-US/blocklist/
LdrLoadDll: Blocking load of 'safemon64.dll' -- see http://www.mozilla.com/en-US/blocklist/
LdrLoadDll: Blocking load of 'safemon64.dll' -- see http://www.mozilla.com/en-US/blocklist/
LdrLoadDll: Blocking load of 'safemon64.dll' -- see http://www.mozilla.com/en-US/blocklist/
LdrLoadDll: Blocking load of 'safemon64.dll' -- see http://www.mozilla.com/en-US/blocklist/
LdrLoadDll: Blocking load of 'safemon64.dll' -- see http://www.mozilla.com/en-US/blocklist/
LdrLoadDll: Blocking load of 'safemon64.dll' -- see http://www.mozilla.com/en-US/blocklist/
LdrLoadDll: Blocking load of 'safemon64.dll' -- see http://www.mozilla.com/en-US/blocklist/
LdrLoadDll: Blocking load of 'safemon64.dll' -- see http://www.mozilla.com/en-US/blocklist/
LdrLoadDll: Blocking load of 'safemon64.dll' -- see http://www.mozilla.com/en-US/blocklist/
LdrLoadDll: Blocking load of 'safemon64.dll' -- see http://www.mozilla.com/en-US/blocklist/
LdrLoadDll: Blocking load of 'safemon64.dll' -- see http://www.mozilla.com/en-US/blocklist/
LdrLoadDll: Blocking load of 'safemon64.dll' -- see http://www.mozilla.com/en-US/blocklist/
LdrLoadDll: Blocking load of 'safemon64.dll' -- see http://www.mozilla.com/en-US/blocklist/
LdrLoadDll: Blocking load of 'safemon64.dll' -- see http://www.mozilla.com/en-US/blocklist/
LdrLoadDll: Blocking load of 'safemon64.dll' -- see http://www.mozilla.com/en-US/blocklist/
LdrLoadDll: Blocking load of 'safemon64.dll' -- see http://www.mozilla.com/en-US/blocklist/
LdrLoadDll: Blocking load of 'safemon64.dll' -- see http://www.mozilla.com/en-US/blocklist/
LdrLoadDll: Blocking load of 'safemon64.dll' -- see http://www.mozilla.com/en-US/blocklist/
LdrLoadDll: Blocking load of 'safemon64.dll' -- see http://www.mozilla.com/en-US/blocklist/
LdrLoadDll: Blocking load of 'safemon64.dll' -- see http://www.mozilla.com/en-US/blocklist/
LdrLoadDll: Blocking load of 'safemon64.dll' -- see http://www.mozilla.com/en-US/blocklist/
LdrLoadDll: Blocking load of 'safemon64.dll' -- see http://www.mozilla.com/en-US/blocklist/
LdrLoadDll: Blocking load of 'safemon64.dll' -- see http://www.mozilla.com/en-US/blocklist/
LdrLoadDll: Blocking load of 'safemon64.dll' -- see http://www.mozilla.com/en-US/blocklist/
LdrLoadDll: Blocking load of 'safemon64.dll' -- see http://www.mozilla.com/en-US/blocklist/
LdrLoadDll: Blocking load of 'safemon64.dll' -- see http://www.mozilla.com/en-US/blocklist/
LdrLoadDll: Blocking load of 'safemon64.dll' -- see http://www.mozilla.com/en-US/blocklist/
LdrLoadDll: Blocking load of 'safemon64.dll' -- see http://www.mozilla.com/en-US/blocklist/
LdrLoadDll: Blocking load of 'safemon64.dll' -- see http://www.mozilla.com/en-US/blocklist/
LdrLoadDll: Blocking load of 'safemon64.dll' -- see http://www.mozilla.com/en-US/blocklist/
LdrLoadDll: Blocking load of 'safemon64.dll' -- see http://www.mozilla.com/en-US/blocklist/
LdrLoadDll: Blocking load of 'safemon64.dll' -- see http://www.mozilla.com/en-US/blocklist/
LdrLoadDll: Blocking load of 'safemon64.dll' -- see http://www.mozilla.com/en-US/blocklist/
LdrLoadDll: Blocking load of 'safemon64.dll' -- see http://www.mozilla.com/en-US/blocklist/
JavaScript error: resource://gre/modules/XULStore.jsm, line 66: Error: Can't find profile directory.
LdrLoadDll: Blocking load of 'safemon64.dll' -- see http://www.mozilla.com/en-US/blocklist/
LdrLoadDll: Blocking load of 'safemon64.dll' -- see http://www.mozilla.com/en-US/blocklist/
LdrLoadDll: Blocking load of 'safemon64.dll' -- see http://www.mozilla.com/en-US/blocklist/
LdrLoadDll: Blocking load of 'safemon64.dll' -- see http://www.mozilla.com/en-US/blocklist/
LdrLoadDll: Blocking load of 'safemon64.dll' -- see http://www.mozilla.com/en-US/blocklist/
LdrLoadDll: Blocking load of 'safemon64.dll' -- see http://www.mozilla.com/en-US/blocklist/
LdrLoadDll: Blocking load of 'safemon64.dll' -- see http://www.mozilla.com/en-US/blocklist/
LdrLoadDll: Blocking load of 'safemon64.dll' -- see http://www.mozilla.com/en-US/blocklist/
LdrLoadDll: Blocking load of 'safemon64.dll' -- see http://www.mozilla.com/en-US/blocklist/
LdrLoadDll: Blocking load of 'safemon64.dll' -- see http://www.mozilla.com/en-US/blocklist/
LdrLoadDll: Blocking load of 'safemon64.dll' -- see http://www.mozilla.com/en-US/blocklist/
LdrLoadDll: Blocking load of 'safemon64.dll' -- see http://www.mozilla.com/en-US/blocklist/
LdrLoadDll: Blocking load of 'safemon64.dll' -- see http://www.mozilla.com/en-US/blocklist/
LdrLoadDll: Blocking load of 'safemon64.dll' -- see http://www.mozilla.com/en-US/blocklist/
LdrLoadDll: Blocking load of 'safemon64.dll' -- see http://www.mozilla.com/en-US/blocklist/
[Parent 26844, Gecko_IOThread] WARNING: pipe error: 109: file z:/task_1572401533/build/src/ipc/chromium/src/chrome/common/ipc_channel_win.cc, line 341
[Child 27232, Chrome_ChildThread] WARNING: pipe error: 109: file z:/task_1572401533/build/src/ipc/chromium/src/chrome/common/ipc_channel_win.cc, line 341
[Parent 26844, Gecko_IOThread] WARNING: file z:/task_1572401533/build/src/ipc/chromium/src/base/process_util_win.cc, line 160
LdrLoadDll: Blocking load of 'safemon64.dll' -- see http://www.mozilla.com/en-US/blocklist/
1577004443207	Marionette	INFO	Listening on port 55623
1577004443492	Marionette	WARN	TLS certificate errors will be ignored for this session
1577004512150	mozrunner::runner	INFO	Running command: "E:\\firefox.exe" "-marionette" "-foreground" "-no-remote" "-profile" "C:\\Users\\东贝鸟\\AppData\\Local\\Temp\\rust_mozprofile.pOYLR3GrPbUy"
LdrLoadDll: Blocking load of 'safemon64.dll' -- see http://www.mozilla.com/en-US/blocklist/
LdrLoadDll: Blocking load of 'safemon64.dll' -- see http://www.mozilla.com/en-US/blocklist/
LdrLoadDll: Blocking load of 'safemon64.dll' -- see http://www.mozilla.com/en-US/blocklist/
1577004515031	addons.webextension.screenshots@mozilla.org	WARN	Loading extension 'screenshots@mozilla.org': Reading manifest: Invalid extension permission: mozillaAddons
1577004515031	addons.webextension.screenshots@mozilla.org	WARN	Loading extension 'screenshots@mozilla.org': Reading manifest: Invalid extension permission: telemetry
1577004515032	addons.webextension.screenshots@mozilla.org	WARN	Loading extension 'screenshots@mozilla.org': Reading manifest: Invalid extension permission: resource://pdf.js/
1577004515032	addons.webextension.screenshots@mozilla.org	WARN	Loading extension 'screenshots@mozilla.org': Reading manifest: Invalid extension permission: about:reader*
LdrLoadDll: Blocking load of 'safemon64.dll' -- see http://www.mozilla.com/en-US/blocklist/
LdrLoadDll: Blocking load of 'safemon64.dll' -- see http://www.mozilla.com/en-US/blocklist/
LdrLoadDll: Blocking load of 'safemon64.dll' -- see http://www.mozilla.com/en-US/blocklist/
LdrLoadDll: Blocking load of 'safemon64.dll' -- see http://www.mozilla.com/en-US/blocklist/
LdrLoadDll: Blocking load of 'safemon64.dll' -- see http://www.mozilla.com/en-US/blocklist/
LdrLoadDll: Blocking load of 'safemon64.dll' -- see http://www.mozilla.com/en-US/blocklist/
LdrLoadDll: Blocking load of 'safemon64.dll' -- see http://www.mozilla.com/en-US/blocklist/
LdrLoadDll: Blocking load of 'safemon64.dll' -- see http://www.mozilla.com/en-US/blocklist/
LdrLoadDll: Blocking load of 'safemon64.dll' -- see http://www.mozilla.com/en-US/blocklist/
LdrLoadDll: Blocking load of 'safemon64.dll' -- see http://www.mozilla.com/en-US/blocklist/
LdrLoadDll: Blocking load of 'safemon64.dll' -- see http://www.mozilla.com/en-US/blocklist/
LdrLoadDll: Blocking load of 'safemon64.dll' -- see http://www.mozilla.com/en-US/blocklist/
LdrLoadDll: Blocking load of 'safemon64.dll' -- see http://www.mozilla.com/en-US/blocklist/
LdrLoadDll: Blocking load of 'safemon64.dll' -- see http://www.mozilla.com/en-US/blocklist/
LdrLoadDll: Blocking load of 'safemon64.dll' -- see http://www.mozilla.com/en-US/blocklist/
LdrLoadDll: Blocking load of 'safemon64.dll' -- see http://www.mozilla.com/en-US/blocklist/
LdrLoadDll: Blocking load of 'safemon64.dll' -- see http://www.mozilla.com/en-US/blocklist/
LdrLoadDll: Blocking load of 'safemon64.dll' -- see http://www.mozilla.com/en-US/blocklist/
LdrLoadDll: Blocking load of 'safemon64.dll' -- see http://www.mozilla.com/en-US/blocklist/
LdrLoadDll: Blocking load of 'safemon64.dll' -- see http://www.mozilla.com/en-US/blocklist/
LdrLoadDll: Blocking load of 'safemon64.dll' -- see http://www.mozilla.com/en-US/blocklist/
LdrLoadDll: Blocking load of 'safemon64.dll' -- see http://www.mozilla.com/en-US/blocklist/
LdrLoadDll: Blocking load of 'safemon64.dll' -- see http://www.mozilla.com/en-US/blocklist/
LdrLoadDll: Blocking load of 'safemon64.dll' -- see http://www.mozilla.com/en-US/blocklist/
LdrLoadDll: Blocking load of 'safemon64.dll' -- see http://www.mozilla.com/en-US/blocklist/
LdrLoadDll: Blocking load of 'safemon64.dll' -- see http://www.mozilla.com/en-US/blocklist/
LdrLoadDll: Blocking load of 'safemon64.dll' -- see http://www.mozilla.com/en-US/blocklist/
LdrLoadDll: Blocking load of 'safemon64.dll' -- see http://www.mozilla.com/en-US/blocklist/
LdrLoadDll: Blocking load of 'safemon64.dll' -- see http://www.mozilla.com/en-US/blocklist/
LdrLoadDll: Blocking load of 'safemon64.dll' -- see http://www.mozilla.com/en-US/blocklist/
LdrLoadDll: Blocking load of 'safemon64.dll' -- see http://www.mozilla.com/en-US/blocklist/
LdrLoadDll: Blocking load of 'safemon64.dll' -- see http://www.mozilla.com/en-US/blocklist/
LdrLoadDll: Blocking load of 'safemon64.dll' -- see http://www.mozilla.com/en-US/blocklist/
LdrLoadDll: Blocking load of 'safemon64.dll' -- see http://www.mozilla.com/en-US/blocklist/
LdrLoadDll: Blocking load of 'safemon64.dll' -- see http://www.mozilla.com/en-US/blocklist/
LdrLoadDll: Blocking load of 'safemon64.dll' -- see http://www.mozilla.com/en-US/blocklist/
LdrLoadDll: Blocking load of 'safemon64.dll' -- see http://www.mozilla.com/en-US/blocklist/
JavaScript error: resource://gre/modules/XULStore.jsm, line 66: Error: Can't find profile directory.
LdrLoadDll: Blocking load of 'safemon64.dll' -- see http://www.mozilla.com/en-US/blocklist/
LdrLoadDll: Blocking load of 'safemon64.dll' -- see http://www.mozilla.com/en-US/blocklist/
LdrLoadDll: Blocking load of 'safemon64.dll' -- see http://www.mozilla.com/en-US/blocklist/
LdrLoadDll: Blocking load of 'safemon64.dll' -- see http://www.mozilla.com/en-US/blocklist/
LdrLoadDll: Blocking load of 'safemon64.dll' -- see http://www.mozilla.com/en-US/blocklist/
LdrLoadDll: Blocking load of 'safemon64.dll' -- see http://www.mozilla.com/en-US/blocklist/
LdrLoadDll: Blocking load of 'safemon64.dll' -- see http://www.mozilla.com/en-US/blocklist/
LdrLoadDll: Blocking load of 'safemon64.dll' -- see http://www.mozilla.com/en-US/blocklist/
LdrLoadDll: Blocking load of 'safemon64.dll' -- see http://www.mozilla.com/en-US/blocklist/
LdrLoadDll: Blocking load of 'safemon64.dll' -- see http://www.mozilla.com/en-US/blocklist/
LdrLoadDll: Blocking load of 'safemon64.dll' -- see http://www.mozilla.com/en-US/blocklist/
LdrLoadDll: Blocking load of 'safemon64.dll' -- see http://www.mozilla.com/en-US/blocklist/
LdrLoadDll: Blocking load of 'safemon64.dll' -- see http://www.mozilla.com/en-US/blocklist/
LdrLoadDll: Blocking load of 'safemon64.dll' -- see http://www.mozilla.com/en-US/blocklist/
LdrLoadDll: Blocking load of 'safemon64.dll' -- see http://www.mozilla.com/en-US/blocklist/
LdrLoadDll: Blocking load of 'safemon64.dll' -- see http://www.mozilla.com/en-US/blocklist/
LdrLoadDll: Blocking load of 'safemon64.dll' -- see http://www.mozilla.com/en-US/blocklist/
LdrLoadDll: Blocking load of 'safemon64.dll' -- see http://www.mozilla.com/en-US/blocklist/
LdrLoadDll: Blocking load of 'safemon64.dll' -- see http://www.mozilla.com/en-US/blocklist/
LdrLoadDll: Blocking load of 'safemon64.dll' -- see http://www.mozilla.com/en-US/blocklist/
LdrLoadDll: Blocking load of 'safemon64.dll' -- see http://www.mozilla.com/en-US/blocklist/
LdrLoadDll: Blocking load of 'safemon64.dll' -- see http://www.mozilla.com/en-US/blocklist/
LdrLoadDll: Blocking load of 'safemon64.dll' -- see http://www.mozilla.com/en-US/blocklist/
LdrLoadDll: Blocking load of 'safemon64.dll' -- see http://www.mozilla.com/en-US/blocklist/
LdrLoadDll: Blocking load of 'safemon64.dll' -- see http://www.mozilla.com/en-US/blocklist/
LdrLoadDll: Blocking load of 'safemon64.dll' -- see http://www.mozilla.com/en-US/blocklist/
LdrLoadDll: Blocking load of 'safemon64.dll' -- see http://www.mozilla.com/en-US/blocklist/
LdrLoadDll: Blocking load of 'safemon64.dll' -- see http://www.mozilla.com/en-US/blocklist/
LdrLoadDll: Blocking load of 'safemon64.dll' -- see http://www.mozilla.com/en-US/blocklist/
LdrLoadDll: Blocking load of 'safemon64.dll' -- see http://www.mozilla.com/en-US/blocklist/
LdrLoadDll: Blocking load of 'safemon64.dll' -- see http://www.mozilla.com/en-US/blocklist/
LdrLoadDll: Blocking load of 'safemon64.dll' -- see http://www.mozilla.com/en-US/blocklist/
LdrLoadDll: Blocking load of 'safemon64.dll' -- see http://www.mozilla.com/en-US/blocklist/
LdrLoadDll: Blocking load of 'safemon64.dll' -- see http://www.mozilla.com/en-US/blocklist/
LdrLoadDll: Blocking load of 'safemon64.dll' -- see http://www.mozilla.com/en-US/blocklist/
LdrLoadDll: Blocking load of 'safemon64.dll' -- see http://www.mozilla.com/en-US/blocklist/
LdrLoadDll: Blocking load of 'safemon64.dll' -- see http://www.mozilla.com/en-US/blocklist/
LdrLoadDll: Blocking load of 'safemon64.dll' -- see http://www.mozilla.com/en-US/blocklist/
LdrLoadDll: Blocking load of 'safemon64.dll' -- see http://www.mozilla.com/en-US/blocklist/
LdrLoadDll: Blocking load of 'safemon64.dll' -- see http://www.mozilla.com/en-US/blocklist/
1577004517517	Marionette	INFO	Listening on port 55717
1577004518017	Marionette	WARN	TLS certificate errors will be ignored for this session
LdrLoadDll: Blocking load of 'safemon64.dll' -- see http://www.mozilla.com/en-US/blocklist/
LdrLoadDll: Blocking load of 'safemon64.dll' -- see http://www.mozilla.com/en-US/blocklist/
LdrLoadDll: Blocking load of 'safemon64.dll' -- see http://www.mozilla.com/en-US/blocklist/
LdrLoadDll: Blocking load of 'safemon64.dll' -- see http://www.mozilla.com/en-US/blocklist/
LdrLoadDll: Blocking load of 'safemon64.dll' -- see http://www.mozilla.com/en-US/blocklist/
LdrLoadDll: Blocking load of 'safemon64.dll' -- see http://www.mozilla.com/en-US/blocklist/
LdrLoadDll: Blocking load of 'safemon64.dll' -- see http://www.mozilla.com/en-US/blocklist/
LdrLoadDll: Blocking load of 'safemon64.dll' -- see http://www.mozilla.com/en-US/blocklist/
LdrLoadDll: Blocking load of 'safemon64.dll' -- see http://www.mozilla.com/en-US/blocklist/
LdrLoadDll: Blocking load of 'safemon64.dll' -- see http://www.mozilla.com/en-US/blocklist/
LdrLoadDll: Blocking load of 'safemon64.dll' -- see http://www.mozilla.com/en-US/blocklist/
LdrLoadDll: Blocking load of 'safemon64.dll' -- see http://www.mozilla.com/en-US/blocklist/
LdrLoadDll: Blocking load of 'safemon64.dll' -- see http://www.mozilla.com/en-US/blocklist/
LdrLoadDll: Blocking load of 'safemon64.dll' -- see http://www.mozilla.com/en-US/blocklist/
LdrLoadDll: Blocking load of 'safemon64.dll' -- see http://www.mozilla.com/en-US/blocklist/
LdrLoadDll: Blocking load of 'safemon64.dll' -- see http://www.mozilla.com/en-US/blocklist/
LdrLoadDll: Blocking load of 'safemon64.dll' -- see http://www.mozilla.com/en-US/blocklist/
LdrLoadDll: Blocking load of 'safemon64.dll' -- see http://www.mozilla.com/en-US/blocklist/
LdrLoadDll: Blocking load of 'safemon64.dll' -- see http://www.mozilla.com/en-US/blocklist/
LdrLoadDll: Blocking load of 'safemon64.dll' -- see http://www.mozilla.com/en-US/blocklist/
LdrLoadDll: Blocking load of 'safemon64.dll' -- see http://www.mozilla.com/en-US/blocklist/
LdrLoadDll: Blocking load of 'safemon64.dll' -- see http://www.mozilla.com/en-US/blocklist/
LdrLoadDll: Blocking load of 'safemon64.dll' -- see http://www.mozilla.com/en-US/blocklist/
LdrLoadDll: Blocking load of 'safemon64.dll' -- see http://www.mozilla.com/en-US/blocklist/
LdrLoadDll: Blocking load of 'safemon64.dll' -- see http://www.mozilla.com/en-US/blocklist/
LdrLoadDll: Blocking load of 'safemon64.dll' -- see http://www.mozilla.com/en-US/blocklist/
LdrLoadDll: Blocking load of 'safemon64.dll' -- see http://www.mozilla.com/en-US/blocklist/
LdrLoadDll: Blocking load of 'safemon64.dll' -- see http://www.mozilla.com/en-US/blocklist/
LdrLoadDll: Blocking load of 'safemon64.dll' -- see http://www.mozilla.com/en-US/blocklist/
LdrLoadDll: Blocking load of 'safemon64.dll' -- see http://www.mozilla.com/en-US/blocklist/
LdrLoadDll: Blocking load of 'safemon64.dll' -- see http://www.mozilla.com/en-US/blocklist/
LdrLoadDll: Blocking load of 'safemon64.dll' -- see http://www.mozilla.com/en-US/blocklist/
LdrLoadDll: Blocking load of 'safemon64.dll' -- see http://www.mozilla.com/en-US/blocklist/
LdrLoadDll: Blocking load of 'safemon64.dll' -- see http://www.mozilla.com/en-US/blocklist/
LdrLoadDll: Blocking load of 'safemon64.dll' -- see http://www.mozilla.com/en-US/blocklist/
LdrLoadDll: Blocking load of 'safemon64.dll' -- see http://www.mozilla.com/en-US/blocklist/
LdrLoadDll: Blocking load of 'safemon64.dll' -- see http://www.mozilla.com/en-US/blocklist/
LdrLoadDll: Blocking load of 'safemon64.dll' -- see http://www.mozilla.com/en-US/blocklist/
LdrLoadDll: Blocking load of 'safemon64.dll' -- see http://www.mozilla.com/en-US/blocklist/
LdrLoadDll: Blocking load of 'safemon64.dll' -- see http://www.mozilla.com/en-US/blocklist/
LdrLoadDll: Blocking load of 'safemon64.dll' -- see http://www.mozilla.com/en-US/blocklist/
LdrLoadDll: Blocking load of 'safemon64.dll' -- see http://www.mozilla.com/en-US/blocklist/
LdrLoadDll: Blocking load of 'safemon64.dll' -- see http://www.mozilla.com/en-US/blocklist/
LdrLoadDll: Blocking load of 'safemon64.dll' -- see http://www.mozilla.com/en-US/blocklist/
LdrLoadDll: Blocking load of 'safemon64.dll' -- see http://www.mozilla.com/en-US/blocklist/
LdrLoadDll: Blocking load of 'safemon64.dll' -- see http://www.mozilla.com/en-US/blocklist/
LdrLoadDll: Blocking load of 'safemon64.dll' -- see http://www.mozilla.com/en-US/blocklist/
LdrLoadDll: Blocking load of 'safemon64.dll' -- see http://www.mozilla.com/en-US/blocklist/
LdrLoadDll: Blocking load of 'safemon64.dll' -- see http://www.mozilla.com/en-US/blocklist/
LdrLoadDll: Blocking load of 'safemon64.dll' -- see http://www.mozilla.com/en-US/blocklist/
LdrLoadDll: Blocking load of 'safemon64.dll' -- see http://www.mozilla.com/en-US/blocklist/
LdrLoadDll: Blocking load of 'safemon64.dll' -- see http://www.mozilla.com/en-US/blocklist/
LdrLoadDll: Blocking load of 'safemon64.dll' -- see http://www.mozilla.com/en-US/blocklist/
LdrLoadDll: Blocking load of 'safemon64.dll' -- see http://www.mozilla.com/en-US/blocklist/
LdrLoadDll: Blocking load of 'safemon64.dll' -- see http://www.mozilla.com/en-US/blocklist/
LdrLoadDll: Blocking load of 'safemon64.dll' -- see http://www.mozilla.com/en-US/blocklist/
LdrLoadDll: Blocking load of 'safemon64.dll' -- see http://www.mozilla.com/en-US/blocklist/
LdrLoadDll: Blocking load of 'safemon64.dll' -- see http://www.mozilla.com/en-US/blocklist/
LdrLoadDll: Blocking load of 'safemon64.dll' -- see http://www.mozilla.com/en-US/blocklist/
LdrLoadDll: Blocking load of 'safemon64.dll' -- see http://www.mozilla.com/en-US/blocklist/
LdrLoadDll: Blocking load of 'safemon64.dll' -- see http://www.mozilla.com/en-US/blocklist/
LdrLoadDll: Blocking load of 'safemon64.dll' -- see http://www.mozilla.com/en-US/blocklist/
LdrLoadDll: Blocking load of 'safemon64.dll' -- see http://www.mozilla.com/en-US/blocklist/
LdrLoadDll: Blocking load of 'safemon64.dll' -- see http://www.mozilla.com/en-US/blocklist/
LdrLoadDll: Blocking load of 'safemon64.dll' -- see http://www.mozilla.com/en-US/blocklist/
LdrLoadDll: Blocking load of 'safemon64.dll' -- see http://www.mozilla.com/en-US/blocklist/
LdrLoadDll: Blocking load of 'safemon64.dll' -- see http://www.mozilla.com/en-US/blocklist/
LdrLoadDll: Blocking load of 'safemon64.dll' -- see http://www.mozilla.com/en-US/blocklist/
LdrLoadDll: Blocking load of 'safemon64.dll' -- see http://www.mozilla.com/en-US/blocklist/
LdrLoadDll: Blocking load of 'safemon64.dll' -- see http://www.mozilla.com/en-US/blocklist/
LdrLoadDll: Blocking load of 'safemon64.dll' -- see http://www.mozilla.com/en-US/blocklist/
LdrLoadDll: Blocking load of 'safemon64.dll' -- see http://www.mozilla.com/en-US/blocklist/
LdrLoadDll: Blocking load of 'safemon64.dll' -- see http://www.mozilla.com/en-US/blocklist/
LdrLoadDll: Blocking load of 'safemon64.dll' -- see http://www.mozilla.com/en-US/blocklist/
LdrLoadDll: Blocking load of 'safemon64.dll' -- see http://www.mozilla.com/en-US/blocklist/
LdrLoadDll: Blocking load of 'safemon64.dll' -- see http://www.mozilla.com/en-US/blocklist/
LdrLoadDll: Blocking load of 'safemon64.dll' -- see http://www.mozilla.com/en-US/blocklist/
LdrLoadDll: Blocking load of 'safemon64.dll' -- see http://www.mozilla.com/en-US/blocklist/
LdrLoadDll: Blocking load of 'safemon64.dll' -- see http://www.mozilla.com/en-US/blocklist/
LdrLoadDll: Blocking load of 'safemon64.dll' -- see http://www.mozilla.com/en-US/blocklist/
LdrLoadDll: Blocking load of 'safemon64.dll' -- see http://www.mozilla.com/en-US/blocklist/
LdrLoadDll: Blocking load of 'safemon64.dll' -- see http://www.mozilla.com/en-US/blocklist/
LdrLoadDll: Blocking load of 'safemon64.dll' -- see http://www.mozilla.com/en-US/blocklist/
LdrLoadDll: Blocking load of 'safemon64.dll' -- see http://www.mozilla.com/en-US/blocklist/
LdrLoadDll: Blocking load of 'safemon64.dll' -- see http://www.mozilla.com/en-US/blocklist/
LdrLoadDll: Blocking load of 'safemon64.dll' -- see http://www.mozilla.com/en-US/blocklist/
LdrLoadDll: Blocking load of 'safemon64.dll' -- see http://www.mozilla.com/en-US/blocklist/
LdrLoadDll: Blocking load of 'safemon64.dll' -- see http://www.mozilla.com/en-US/blocklist/
LdrLoadDll: Blocking load of 'safemon64.dll' -- see http://www.mozilla.com/en-US/blocklist/
LdrLoadDll: Blocking load of 'safemon64.dll' -- see http://www.mozilla.com/en-US/blocklist/
LdrLoadDll: Blocking load of 'safemon64.dll' -- see http://www.mozilla.com/en-US/blocklist/
LdrLoadDll: Blocking load of 'safemon64.dll' -- see http://www.mozilla.com/en-US/blocklist/
LdrLoadDll: Blocking load of 'safemon64.dll' -- see http://www.mozilla.com/en-US/blocklist/
LdrLoadDll: Blocking load of 'safemon64.dll' -- see http://www.mozilla.com/en-US/blocklist/
LdrLoadDll: Blocking load of 'safemon64.dll' -- see http://www.mozilla.com/en-US/blocklist/
LdrLoadDll: Blocking load of 'safemon64.dll' -- see http://www.mozilla.com/en-US/blocklist/
LdrLoadDll: Blocking load of 'safemon64.dll' -- see http://www.mozilla.com/en-US/blocklist/
LdrLoadDll: Blocking load of 'safemon64.dll' -- see http://www.mozilla.com/en-US/blocklist/
LdrLoadDll: Blocking load of 'safemon64.dll' -- see http://www.mozilla.com/en-US/blocklist/
LdrLoadDll: Blocking load of 'safemon64.dll' -- see http://www.mozilla.com/en-US/blocklist/
LdrLoadDll: Blocking load of 'safemon64.dll' -- see http://www.mozilla.com/en-US/blocklist/
LdrLoadDll: Blocking load of 'safemon64.dll' -- see http://www.mozilla.com/en-US/blocklist/
LdrLoadDll: Blocking load of 'safemon64.dll' -- see http://www.mozilla.com/en-US/blocklist/
LdrLoadDll: Blocking load of 'safemon64.dll' -- see http://www.mozilla.com/en-US/blocklist/
LdrLoadDll: Blocking load of 'safemon64.dll' -- see http://www.mozilla.com/en-US/blocklist/
LdrLoadDll: Blocking load of 'safemon64.dll' -- see http://www.mozilla.com/en-US/blocklist/
LdrLoadDll: Blocking load of 'safemon64.dll' -- see http://www.mozilla.com/en-US/blocklist/
LdrLoadDll: Blocking load of 'safemon64.dll' -- see http://www.mozilla.com/en-US/blocklist/
LdrLoadDll: Blocking load of 'safemon64.dll' -- see http://www.mozilla.com/en-US/blocklist/
LdrLoadDll: Blocking load of 'safemon64.dll' -- see http://www.mozilla.com/en-US/blocklist/
LdrLoadDll: Blocking load of 'safemon64.dll' -- see http://www.mozilla.com/en-US/blocklist/
LdrLoadDll: Blocking load of 'safemon64.dll' -- see http://www.mozilla.com/en-US/blocklist/
LdrLoadDll: Blocking load of 'safemon64.dll' -- see http://www.mozilla.com/en-US/blocklist/
LdrLoadDll: Blocking load of 'safemon64.dll' -- see http://www.mozilla.com/en-US/blocklist/
LdrLoadDll: Blocking load of 'safemon64.dll' -- see http://www.mozilla.com/en-US/blocklist/
LdrLoadDll: Blocking load of 'safemon64.dll' -- see http://www.mozilla.com/en-US/blocklist/
LdrLoadDll: Blocking load of 'safemon64.dll' -- see http://www.mozilla.com/en-US/blocklist/
LdrLoadDll: Blocking load of 'safemon64.dll' -- see http://www.mozilla.com/en-US/blocklist/
LdrLoadDll: Blocking load of 'safemon64.dll' -- see http://www.mozilla.com/en-US/blocklist/
LdrLoadDll: Blocking load of 'safemon64.dll' -- see http://www.mozilla.com/en-US/blocklist/
LdrLoadDll: Blocking load of 'safemon64.dll' -- see http://www.mozilla.com/en-US/blocklist/
LdrLoadDll: Blocking load of 'safemon64.dll' -- see http://www.mozilla.com/en-US/blocklist/
LdrLoadDll: Blocking load of 'safemon64.dll' -- see http://www.mozilla.com/en-US/blocklist/
LdrLoadDll: Blocking load of 'safemon64.dll' -- see http://www.mozilla.com/en-US/blocklist/
LdrLoadDll: Blocking load of 'safemon64.dll' -- see http://www.mozilla.com/en-US/blocklist/
LdrLoadDll: Blocking load of 'safemon64.dll' -- see http://www.mozilla.com/en-US/blocklist/
LdrLoadDll: Blocking load of 'safemon64.dll' -- see http://www.mozilla.com/en-US/blocklist/
LdrLoadDll: Blocking load of 'safemon64.dll' -- see http://www.mozilla.com/en-US/blocklist/
LdrLoadDll: Blocking load of 'safemon64.dll' -- see http://www.mozilla.com/en-US/blocklist/
LdrLoadDll: Blocking load of 'safemon64.dll' -- see http://www.mozilla.com/en-US/blocklist/
LdrLoadDll: Blocking load of 'safemon64.dll' -- see http://www.mozilla.com/en-US/blocklist/
LdrLoadDll: Blocking load of 'safemon64.dll' -- see http://www.mozilla.com/en-US/blocklist/
LdrLoadDll: Blocking load of 'safemon64.dll' -- see http://www.mozilla.com/en-US/blocklist/
LdrLoadDll: Blocking load of 'safemon64.dll' -- see http://www.mozilla.com/en-US/blocklist/
LdrLoadDll: Blocking load of 'safemon64.dll' -- see http://www.mozilla.com/en-US/blocklist/
LdrLoadDll: Blocking load of 'safemon64.dll' -- see http://www.mozilla.com/en-US/blocklist/
LdrLoadDll: Blocking load of 'safemon64.dll' -- see http://www.mozilla.com/en-US/blocklist/
LdrLoadDll: Blocking load of 'safemon64.dll' -- see http://www.mozilla.com/en-US/blocklist/
LdrLoadDll: Blocking load of 'safemon64.dll' -- see http://www.mozilla.com/en-US/blocklist/
LdrLoadDll: Blocking load of 'safemon64.dll' -- see http://www.mozilla.com/en-US/blocklist/
LdrLoadDll: Blocking load of 'safemon64.dll' -- see http://www.mozilla.com/en-US/blocklist/
LdrLoadDll: Blocking load of 'safemon64.dll' -- see http://www.mozilla.com/en-US/blocklist/
LdrLoadDll: Blocking load of 'safemon64.dll' -- see http://www.mozilla.com/en-US/blocklist/
LdrLoadDll: Blocking load of 'safemon64.dll' -- see http://www.mozilla.com/en-US/blocklist/
LdrLoadDll: Blocking load of 'safemon64.dll' -- see http://www.mozilla.com/en-US/blocklist/
LdrLoadDll: Blocking load of 'safemon64.dll' -- see http://www.mozilla.com/en-US/blocklist/
LdrLoadDll: Blocking load of 'safemon64.dll' -- see http://www.mozilla.com/en-US/blocklist/
LdrLoadDll: Blocking load of 'safemon64.dll' -- see http://www.mozilla.com/en-US/blocklist/
LdrLoadDll: Blocking load of 'safemon64.dll' -- see http://www.mozilla.com/en-US/blocklist/
LdrLoadDll: Blocking load of 'safemon64.dll' -- see http://www.mozilla.com/en-US/blocklist/
LdrLoadDll: Blocking load of 'safemon64.dll' -- see http://www.mozilla.com/en-US/blocklist/
LdrLoadDll: Blocking load of 'safemon64.dll' -- see http://www.mozilla.com/en-US/blocklist/
LdrLoadDll: Blocking load of 'safemon64.dll' -- see http://www.mozilla.com/en-US/blocklist/
LdrLoadDll: Blocking load of 'safemon64.dll' -- see http://www.mozilla.com/en-US/blocklist/
LdrLoadDll: Blocking load of 'safemon64.dll' -- see http://www.mozilla.com/en-US/blocklist/
LdrLoadDll: Blocking load of 'safemon64.dll' -- see http://www.mozilla.com/en-US/blocklist/
LdrLoadDll: Blocking load of 'safemon64.dll' -- see http://www.mozilla.com/en-US/blocklist/
LdrLoadDll: Blocking load of 'safemon64.dll' -- see http://www.mozilla.com/en-US/blocklist/
LdrLoadDll: Blocking load of 'safemon64.dll' -- see http://www.mozilla.com/en-US/blocklist/
LdrLoadDll: Blocking load of 'safemon64.dll' -- see http://www.mozilla.com/en-US/blocklist/
LdrLoadDll: Blocking load of 'safemon64.dll' -- see http://www.mozilla.com/en-US/blocklist/
LdrLoadDll: Blocking load of 'safemon64.dll' -- see http://www.mozilla.com/en-US/blocklist/
LdrLoadDll: Blocking load of 'safemon64.dll' -- see http://www.mozilla.com/en-US/blocklist/
LdrLoadDll: Blocking load of 'safemon64.dll' -- see http://www.mozilla.com/en-US/blocklist/
LdrLoadDll: Blocking load of 'safemon64.dll' -- see http://www.mozilla.com/en-US/blocklist/
LdrLoadDll: Blocking load of 'safemon64.dll' -- see http://www.mozilla.com/en-US/blocklist/
LdrLoadDll: Blocking load of 'safemon64.dll' -- see http://www.mozilla.com/en-US/blocklist/
LdrLoadDll: Blocking load of 'safemon64.dll' -- see http://www.mozilla.com/en-US/blocklist/
LdrLoadDll: Blocking load of 'safemon64.dll' -- see http://www.mozilla.com/en-US/blocklist/
LdrLoadDll: Blocking load of 'safemon64.dll' -- see http://www.mozilla.com/en-US/blocklist/
LdrLoadDll: Blocking load of 'safemon64.dll' -- see http://www.mozilla.com/en-US/blocklist/
LdrLoadDll: Blocking load of 'safemon64.dll' -- see http://www.mozilla.com/en-US/blocklist/
LdrLoadDll: Blocking load of 'safemon64.dll' -- see http://www.mozilla.com/en-US/blocklist/
LdrLoadDll: Blocking load of 'safemon64.dll' -- see http://www.mozilla.com/en-US/blocklist/
LdrLoadDll: Blocking load of 'safemon64.dll' -- see http://www.mozilla.com/en-US/blocklist/
LdrLoadDll: Blocking load of 'safemon64.dll' -- see http://www.mozilla.com/en-US/blocklist/
LdrLoadDll: Blocking load of 'safemon64.dll' -- see http://www.mozilla.com/en-US/blocklist/
LdrLoadDll: Blocking load of 'safemon64.dll' -- see http://www.mozilla.com/en-US/blocklist/
LdrLoadDll: Blocking load of 'safemon64.dll' -- see http://www.mozilla.com/en-US/blocklist/
LdrLoadDll: Blocking load of 'safemon64.dll' -- see http://www.mozilla.com/en-US/blocklist/
LdrLoadDll: Blocking load of 'safemon64.dll' -- see http://www.mozilla.com/en-US/blocklist/
LdrLoadDll: Blocking load of 'safemon64.dll' -- see http://www.mozilla.com/en-US/blocklist/
LdrLoadDll: Blocking load of 'safemon64.dll' -- see http://www.mozilla.com/en-US/blocklist/
LdrLoadDll: Blocking load of 'safemon64.dll' -- see http://www.mozilla.com/en-US/blocklist/
LdrLoadDll: Blocking load of 'safemon64.dll' -- see http://www.mozilla.com/en-US/blocklist/
[Parent 27672, Gecko_IOThread] WARNING: pipe error: 109: file z:/task_1572401533/build/src/ipc/chromium/src/chrome/common/ipc_channel_win.cc, line 341
[Parent 27672, Gecko_IOThread] WARNING: pipe error: 109: file z:/task_1572401533/build/src/ipc/chromium/src/chrome/common/ipc_channel_win.cc, line 341
[Child 27408, C[LdrLoadDll: Blocking load of 'safemon64.dll' -- see http://www.mozilla.com/en-US/blocklist/
hrome_ChildThCread]h WAiRlNdI 28284, NChrGome_Chil:dThread ] WpARNING: ipipe error: 109: fpiel ee rzr:o/rt:a s1k0_91:5 7f2i4l0e1 5z3:3//tbausikl_d1/5s7r2c4/0i1p5c3/3c/hbruoimlidu/ms/src/chrorme/ccommon//ipc_cihpc/chromium/sannel_win.ccrc, li/nceh rom3e/com4mon/ipc_channel_win.cc1,
 line 341
[Chil[Child 27408, Chrome_LdrLoadDll: Blocking load of 'safemon64.dll' -- see http://www.mozilla.com/en-US/blocklist/
LdrLoadDll: Blocking load of 'safemon64.dll' -- see http://www.mozilla.com/en-US/blocklist/
[Parent 27672, Gecko_IOThread] WARNING: pipe error: 109: file z:/task_1572401533/build/src/ipc/chromium/src/chrome/common/ipc_channel_win.cc, line 341
1577004906290	Marionette	INFO	Stopped listening on port 55717

###!!! [Child][RunMessage] Error: Channel closing: too late to send/recv, messages will be lost

LdrLoadDll: Blocking load of 'safemon64.dll' -- see http://www.mozilla.com/en-US/blocklist/
om/en-US/blocklist/
LdrLoadDll: Blocking load of 'safemon64.dll' -- see http://www.mozilla.com/en-US/blocklist/
LdrLoadDll: Blocking load of 'safemon64.dll' -- see http://www.mozilla.com/en-US/blocklist/
LdrLoadDll: Blocking load of 'safemon64.dll' -- see http://www.mozilla.com/en-US/blocklist/
LdrLoadDll: Blocking load of 'safemon64.dll' -- see http://www.mozilla.com/en-US/blocklist/
LdrLoadDll: Blocking load of 'safemon64.dll' -- see http://www.mozilla.com/en-US/blocklist/
LdrLoadDll: Blocking load of 'safemon64.dll' -- see http://www.mozilla.com/en-US/blocklist/
LdrLoadDll: Blocking load of 'safemon64.dll' -- see http://www.mozilla.com/en-US/blocklist/
LdrLoadDll: Blocking load of 'safemon64.dll' -- see http://www.mozilla.com/en-US/blocklist/
LdrLoadDll: Blocking load of 'safemon64.dll' -- see http://www.mozilla.com/en-US/blocklist/
LdrLoadDll: Blocking load of 'safemon64.dll' -- see http://www.mozilla.com/en-US/blocklist/
LdrLoadDll: Blocking load of 'safemon64.dll' -- see http://www.mozilla.com/en-US/blocklist/
LdrLoadDll: Blocking load of 'safemon64.dll' -- see http://www.mozilla.com/en-US/blocklist/
LdrLoadDll: Blocking load of 'safemon64.dll' -- see http://www.mozilla.com/en-US/blocklist/
LdrLoadDll: Blocking load of 'safemon64.dll' -- see http://www.mozilla.com/en-US/blocklist/
LdrLoadDll: Blocking load of 'safemon64.dll' -- see http://www.mozilla.com/en-US/blocklist/
LdrLoadDll: Blocking load of 'safemon64.dll' -- see http://www.mozilla.com/en-US/blocklist/
LdrLoadDll: Blocking load of 'safemon64.dll' -- see http://www.mozilla.com/en-US/blocklist/
LdrLoadDll: Blocking load of 'safemon64.dll' -- see http://www.mozilla.com/en-US/blocklist/
LdrLoadDll: Blocking load of 'safemon64.dll' -- see http://www.mozilla.com/en-US/blocklist/
LdrLoadDll: Blocking load of 'safemon64.dll' -- see http://www.mozilla.com/en-US/blocklist/
LdrLoadDll: Blocking load of 'safemon64.dll' -- see http://www.mozilla.com/en-US/blocklist/
LdrLoadDll: Blocking load of 'safemon64.dll' -- see http://www.mozilla.com/en-US/blocklist/
LdrLoadDll: Blocking load of 'safemon64.dll' -- see http://www.mozilla.com/en-US/blocklist/
LdrLoadDll: Blocking load of 'safemon64.dll' -- see http://www.mozilla.com/en-US/blocklist/
LdrLoadDll: Blocking load of 'safemon64.dll' -- see http://www.mozilla.com/en-US/blocklist/
LdrLoadDll: Blocking load of 'safemon64.dll' -- see http://www.mozilla.com/en-US/blocklist/
LdrLoadDll: Blocking load of 'safemon64.dll' -- see http://www.mozilla.com/en-US/blocklist/
LdrLoadDll: Blocking load of 'safemon64.dll' -- see http://www.mozilla.com/en-US/blocklist/
LdrLoadDll: Blocking load of 'safemon64.dll' -- see http://www.mozilla.com/en-US/blocklist/
LdrLoadDll: Blocking load of 'safemon64.dll' -- see http://www.mozilla.com/en-US/blocklist/
LdrLoadDll: Blocking load of 'safemon64.dll' -- see http://www.mozilla.com/en-US/blocklist/
JavaScript error: resource://gre/modules/XULStore.jsm, line 66: Error: Can't find profile directory.
LdrLoadDll: Blocking load of 'safemon64.dll' -- see http://www.mozilla.com/en-US/blocklist/
LdrLoadDll: Blocking load of 'safemon64.dll' -- see http://www.mozilla.com/en-US/blocklist/
LdrLoadDll: Blocking load of 'safemon64.dll' -- see http://www.mozilla.com/en-US/blocklist/
LdrLoadDll: Blocking load of 'safemon64.dll' -- see http://www.mozilla.com/en-US/blocklist/
LdrLoadDll: Blocking load of 'safemon64.dll' -- see http://www.mozilla.com/en-US/blocklist/
LdrLoadDll: Blocking load of 'safemon64.dll' -- see http://www.mozilla.com/en-US/blocklist/
LdrLoadDll: Blocking load of 'safemon64.dll' -- see http://www.mozilla.com/en-US/blocklist/
LdrLoadDll: Blocking load of 'safemon64.dll' -- see http://www.mozilla.com/en-US/blocklist/
LdrLoadDll: Blocking load of 'safemon64.dll' -- see http://www.mozilla.com/en-US/blocklist/
LdrLoadDll: Blocking load of 'safemon64.dll' -- see http://www.mozilla.com/en-US/blocklist/
LdrLoadDll: Blocking load of 'safemon64.dll' -- see http://www.mozilla.com/en-US/blocklist/
LdrLoadDll: Blocking load of 'safemon64.dll' -- see http://www.mozilla.com/en-US/blocklist/
LdrLoadDll: Blocking load of 'safemon64.dll' -- see http://www.mozilla.com/en-US/blocklist/
LdrLoadDll: Blocking load of 'safemon64.dll' -- see http://www.mozilla.com/en-US/blocklist/
LdrLoadDll: Blocking load of 'safemon64.dll' -- see http://www.mozilla.com/en-US/blocklist/
[Child 18528, Chrome_ChildThread] WARNING: pipe error: 109: file z:/task_1572401533/build/src/ipc/chromium/src/chrome/common/ipc_channel_win.cc, line 341
[Child 18528, Chrome_ChildThread] WARNING: pipe error: 109: file LdrLoadDll: Blocking load of 'safemon64.dll' -- see http://www.mozilla.com/en-US/blocklist/
LdrLoadDll: Blocking load of 'safemon64.dll' -- see http://www.mozilla.com/en-US/blocklist/
1577004544011	Marionette	INFO	Listening on port 55767
1577004544099	Marionette	WARN	TLS certificate errors will be ignored for this session
LdrLoadDll: Blocking load of 'safemon64.dll' -- see http://www.mozilla.com/en-US/blocklist/
LdrLoadDll: Blocking load of 'safemon64.dll' -- see http://www.mozilla.com/en-US/blocklist/
LdrLoadDll: Blocking load of 'safemon64.dll' -- see http://www.mozilla.com/en-US/blocklist/
LdrLoadDll: Blocking load of 'safemon64.dll' -- see http://www.mozilla.com/en-US/blocklist/
LdrLoadDll: Blocking load of 'safemon64.dll' -- see http://www.mozilla.com/en-US/blocklist/
LdrLoadDll: Blocking load of 'safemon64.dll' -- see http://www.mozilla.com/en-US/blocklist/
LdrLoadDll: Blocking load of 'safemon64.dll' -- see http://www.mozilla.com/en-US/blocklist/
LdrLoadDll: Blocking load of 'safemon64.dll' -- see http://www.mozilla.com/en-US/blocklist/
LdrLoadDll: Blocking load of 'safemon64.dll' -- see http://www.mozilla.com/en-US/blocklist/
LdrLoadDll: Blocking load of 'safemon64.dll' -- see http://www.mozilla.com/en-US/blocklist/
LdrLoadDll: Blocking load of 'safemon64.dll' -- see http://www.mozilla.com/en-US/blocklist/
LdrLoadDll: Blocking load of 'safemon64.dll' -- see http://www.mozilla.com/en-US/blocklist/
LdrLoadDll: Blocking load of 'safemon64.dll' -- see http://www.mozilla.com/en-US/blocklist/
LdrLoadDll: Blocking load of 'safemon64.dll' -- see http://www.mozilla.com/en-US/blocklist/
LdrLoadDll: Blocking load of 'safemon64.dll' -- see http://www.mozilla.com/en-US/blocklist/
LdrLoadDll: Blocking load of 'safemon64.dll' -- see http://www.mozilla.com/en-US/blocklist/
LdrLoadDll: Blocking load of 'safemon64.dll' -- see http://www.mozilla.com/en-US/blocklist/
LdrLoadDll: Blocking load of 'safemon64.dll' -- see http://www.mozilla.com/en-US/blocklist/
LdrLoadDll: Blocking load of 'safemon64.dll' -- see http://www.mozilla.com/en-US/blocklist/
LdrLoadDll: Blocking load of 'safemon64.dll' -- see http://www.mozilla.com/en-US/blocklist/
LdrLoadDll: Blocking load of 'safemon64.dll' -- see http://www.mozilla.com/en-US/blocklist/
LdrLoadDll: Blocking load of 'safemon64.dll' -- see http://www.mozilla.com/en-US/blocklist/
LdrLoadDll: Blocking load of 'safemon64.dll' -- see http://www.mozilla.com/en-US/blocklist/
LdrLoadDll: Blocking load of 'safemon64.dll' -- see http://www.mozilla.com/en-US/blocklist/
LdrLoadDll: Blocking load of 'safemon64.dll' -- see http://www.mozilla.com/en-US/blocklist/
LdrLoadDll: Blocking load of 'safemon64.dll' -- see http://www.mozilla.com/en-US/blocklist/
LdrLoadDll: Blocking load of 'safemon64.dll' -- see http://www.mozilla.com/en-US/blocklist/
LdrLoadDll: Blocking load of 'safemon64.dll' -- see http://www.mozilla.com/en-US/blocklist/
LdrLoadDll: Blocking load of 'safemon64.dll' -- see http://www.mozilla.com/en-US/blocklist/
LdrLoadDll: Blocking load of 'safemon64.dll' -- see http://www.mozilla.com/en-US/blocklist/
LdrLoadDll: Blocking load of 'safemon64.dll' -- see http://www.mozilla.com/en-US/blocklist/
LdrLoadDll: Blocking load of 'safemon64.dll' -- see http://www.mozilla.com/en-US/blocklist/
LdrLoadDll: Blocking load of 'safemon64.dll' -- see http://www.mozilla.com/en-US/blocklist/
LdrLoadDll: Blocking load of 'safemon64.dll' -- see http://www.mozilla.com/en-US/blocklist/
LdrLoadDll: Blocking load of 'safemon64.dll' -- see http://www.mozilla.com/en-US/blocklist/
LdrLoadDll: Blocking load of 'safemon64.dll' -- see http://www.mozilla.com/en-US/blocklist/
LdrLoadDll: Blocking load of 'safemon64.dll' -- see http://www.mozilla.com/en-US/blocklist/
LdrLoadDll: Blocking load of 'safemon64.dll' -- see http://www.mozilla.com/en-US/blocklist/
LdrLoadDll: Blocking load of 'safemon64.dll' -- see http://www.mozilla.com/en-US/blocklist/
LdrLoadDll: Blocking load of 'safemon64.dll' -- see http://www.mozilla.com/en-US/blocklist/
LdrLoadDll: Blocking load of 'safemon64.dll' -- see http://www.mozilla.com/en-US/blocklist/
LdrLoadDll: Blocking load of 'safemon64.dll' -- see http://www.mozilla.com/en-US/blocklist/
LdrLoadDll: Blocking load of 'safemon64.dll' -- see http://www.mozilla.com/en-US/blocklist/
LdrLoadDll: Blocking load of 'safemon64.dll' -- see http://www.mozilla.com/en-US/blocklist/
LdrLoadDll: Blocking load of 'safemon64.dll' -- see http://www.mozilla.com/en-US/blocklist/
LdrLoadDll: Blocking load of 'safemon64.dll' -- see http://www.mozilla.com/en-US/blocklist/
LdrLoadDll: Blocking load of 'safemon64.dll' -- see http://www.mozilla.com/en-US/blocklist/
LdrLoadDll: Blocking load of 'safemon64.dll' -- see http://www.mozilla.com/en-US/blocklist/
LdrLoadDll: Blocking load of 'safemon64.dll' -- see http://www.mozilla.com/en-US/blocklist/
LdrLoadDll: Blocking load of 'safemon64.dll' -- see http://www.mozilla.com/en-US/blocklist/
LdrLoadDll: Blocking load of 'safemon64.dll' -- see http://www.mozilla.com/en-US/blocklist/
LdrLoadDll: Blocking load of 'safemon64.dll' -- see http://www.mozilla.com/en-US/blocklist/
LdrLoadDll: Blocking load of 'safemon64.dll' -- see http://www.mozilla.com/en-US/blocklist/
LdrLoadDll: Blocking load of 'safemon64.dll' -- see http://www.mozilla.com/en-US/blocklist/
LdrLoadDll: Blocking load of 'safemon64.dll' -- see http://www.mozilla.com/en-US/blocklist/
LdrLoadDll: Blocking load of 'safemon64.dll' -- see http://www.mozilla.com/en-US/blocklist/
LdrLoadDll: Blocking load of 'safemon64.dll' -- see http://www.mozilla.com/en-US/blocklist/
LdrLoadDll: Blocking load of 'safemon64.dll' -- see http://www.mozilla.com/en-US/blocklist/
LdrLoadDll: Blocking load of 'safemon64.dll' -- see http://www.mozilla.com/en-US/blocklist/
LdrLoadDll: Blocking load of 'safemon64.dll' -- see http://www.mozilla.com/en-US/blocklist/
LdrLoadDll: Blocking load of 'safemon64.dll' -- see http://www.mozilla.com/en-US/blocklist/
LdrLoadDll: Blocking load of 'safemon64.dll' -- see http://www.mozilla.com/en-US/blocklist/
LdrLoadDll: Blocking load of 'safemon64.dll' -- see http://www.mozilla.com/en-US/blocklist/
LdrLoadDll: Blocking load of 'safemon64.dll' -- see http://www.mozilla.com/en-US/blocklist/
LdrLoadDll: Blocking load of 'safemon64.dll' -- see http://www.mozilla.com/en-US/blocklist/
LdrLoadDll: Blocking load of 'safemon64.dll' -- see http://www.mozilla.com/en-US/blocklist/
LdrLoadDll: Blocking load of 'safemon64.dll' -- see http://www.mozilla.com/en-US/blocklist/
LdrLoadDll: Blocking load of 'safemon64.dll' -- see http://www.mozilla.com/en-US/blocklist/
LdrLoadDll: Blocking load of 'safemon64.dll' -- see http://www.mozilla.com/en-US/blocklist/
LdrLoadDll: Blocking load of 'safemon64.dll' -- see http://www.mozilla.com/en-US/blocklist/
LdrLoadDll: Blocking load of 'safemon64.dll' -- see http://www.mozilla.com/en-US/blocklist/
LdrLoadDll: Blocking load of 'safemon64.dll' -- see http://www.mozilla.com/en-US/blocklist/
LdrLoadDll: Blocking load of 'safemon64.dll' -- see http://www.mozilla.com/en-US/blocklist/
LdrLoadDll: Blocking load of 'safemon64.dll' -- see http://www.mozilla.com/en-US/blocklist/
LdrLoadDll: Blocking load of 'safemon64.dll' -- see http://www.mozilla.com/en-US/blocklist/
LdrLoadDll: Blocking load of 'safemon64.dll' -- see http://www.mozilla.com/en-US/blocklist/
LdrLoadDll: Blocking load of 'safemon64.dll' -- see http://www.mozilla.com/en-US/blocklist/
LdrLoadDll: Blocking load of 'safemon64.dll' -- see http://www.mozilla.com/en-US/blocklist/
LdrLoadDll: Blocking load of 'safemon64.dll' -- see http://www.mozilla.com/en-US/blocklist/
LdrLoadDll: Blocking load of 'safemon64.dll' -- see http://www.mozilla.com/en-US/blocklist/
LdrLoadDll: Blocking load of 'safemon64.dll' -- see http://www.mozilla.com/en-US/blocklist/
LdrLoadDll: Blocking load of 'safemon64.dll' -- see http://www.mozilla.com/en-US/blocklist/
LdrLoadDll: Blocking load of 'safemon64.dll' -- see http://www.mozilla.com/en-US/blocklist/
LdrLoadDll: Blocking load of 'safemon64.dll' -- see http://www.mozilla.com/en-US/blocklist/
LdrLoadDll: Blocking load of 'safemon64.dll' -- see http://www.mozilla.com/en-US/blocklist/
LdrLoadDll: Blocking load of 'safemon64.dll' -- see http://www.mozilla.com/en-US/blocklist/
LdrLoadDll: Blocking load of 'safemon64.dll' -- see http://www.mozilla.com/en-US/blocklist/
LdrLoadDll: Blocking load of 'safemon64.dll' -- see http://www.mozilla.com/en-US/blocklist/
LdrLoadDll: Blocking load of 'safemon64.dll' -- see http://www.mozilla.com/en-US/blocklist/
LdrLoadDll: Blocking load of 'safemon64.dll' -- see http://www.mozilla.com/en-US/blocklist/
LdrLoadDll: Blocking load of 'safemon64.dll' -- see http://www.mozilla.com/en-US/blocklist/
LdrLoadDll: Blocking load of 'safemon64.dll' -- see http://www.mozilla.com/en-US/blocklist/
LdrLoadDll: Blocking load of 'safemon64.dll' -- see http://www.mozilla.com/en-US/blocklist/
LdrLoadDll: Blocking load of 'safemon64.dll' -- see http://www.mozilla.com/en-US/blocklist/
LdrLoadDll: Blocking load of 'safemon64.dll' -- see http://www.mozilla.com/en-US/blocklist/
LdrLoadDll: Blocking load of 'safemon64.dll' -- see http://www.mozilla.com/en-US/blocklist/
LdrLoadDll: Blocking load of 'safemon64.dll' -- see http://www.mozilla.com/en-US/blocklist/
LdrLoadDll: Blocking load of 'safemon64.dll' -- see http://www.mozilla.com/en-US/blocklist/
LdrLoadDll: Blocking load of 'safemon64.dll' -- see http://www.mozilla.com/en-US/blocklist/
LdrLoadDll: Blocking load of 'safemon64.dll' -- see http://www.mozilla.com/en-US/blocklist/
LdrLoadDll: Blocking load of 'safemon64.dll' -- see http://www.mozilla.com/en-US/blocklist/
LdrLoadDll: Blocking load of 'safemon64.dll' -- see http://www.mozilla.com/en-US/blocklist/
LdrLoadDll: Blocking load of 'safemon64.dll' -- see http://www.mozilla.com/en-US/blocklist/
LdrLoadDll: Blocking load of 'safemon64.dll' -- see http://www.mozilla.com/en-US/blocklist/
LdrLoadDll: Blocking load of 'safemon64.dll' -- see http://www.mozilla.com/en-US/blocklist/
LdrLoadDll: Blocking load of 'safemon64.dll' -- see http://www.mozilla.com/en-US/blocklist/
LdrLoadDll: Blocking load of 'safemon64.dll' -- see http://www.mozilla.com/en-US/blocklist/
LdrLoadDll: Blocking load of 'safemon64.dll' -- see http://www.mozilla.com/en-US/blocklist/
LdrLoadDll: Blocking load of 'safemon64.dll' -- see http://www.mozilla.com/en-US/blocklist/
LdrLoadDll: Blocking load of 'safemon64.dll' -- see http://www.mozilla.com/en-US/blocklist/
LdrLoadDll: Blocking load of 'safemon64.dll' -- see http://www.mozilla.com/en-US/blocklist/
LdrLoadDll: Blocking load of 'safemon64.dll' -- see http://www.mozilla.com/en-US/blocklist/
LdrLoadDll: Blocking load of 'safemon64.dll' -- see http://www.mozilla.com/en-US/blocklist/
LdrLoadDll: Blocking load of 'safemon64.dll' -- see http://www.mozilla.com/en-US/blocklist/
LdrLoadDll: Blocking load of 'safemon64.dll' -- see http://www.mozilla.com/en-US/blocklist/
LdrLoadDll: Blocking load of 'safemon64.dll' -- see http://www.mozilla.com/en-US/blocklist/
LdrLoadDll: Blocking load of 'safemon64.dll' -- see http://www.mozilla.com/en-US/blocklist/
LdrLoadDll: Blocking load of 'safemon64.dll' -- see http://www.mozilla.com/en-US/blocklist/
LdrLoadDll: Blocking load of 'safemon64.dll' -- see http://www.mozilla.com/en-US/blocklist/
LdrLoadDll: Blocking load of 'safemon64.dll' -- see http://www.mozilla.com/en-US/blocklist/
LdrLoadDll: Blocking load of 'safemon64.dll' -- see http://www.mozilla.com/en-US/blocklist/
LdrLoadDll: Blocking load of 'safemon64.dll' -- see http://www.mozilla.com/en-US/blocklist/
LdrLoadDll: Blocking load of 'safemon64.dll' -- see http://www.mozilla.com/en-US/blocklist/
LdrLoadDll: Blocking load of 'safemon64.dll' -- see http://www.mozilla.com/en-US/blocklist/
LdrLoadDll: Blocking load of 'safemon64.dll' -- see http://www.mozilla.com/en-US/blocklist/
LdrLoadDll: Blocking load of 'safemon64.dll' -- see http://www.mozilla.com/en-US/blocklist/
LdrLoadDll: Blocking load of 'safemon64.dll' -- see http://www.mozilla.com/en-US/blocklist/
[Parent 26928, Gecko_IOThread] WARNING: pipe error: 109: file z:/task_1572401533/build/src/ipc/chromium/src/chrome/common/ipc_channel_win.cc, line 341
[Parent 26928, Gecko_IOThread] WARNING: pipe error: 109: file z:/task_1572401533/build/src/ipc/chromium/src/chrome/common/ipc_channel_win.cc, line 341
LdrLoadDll: Blocking load of 'safemon64.dll' -- see http://www.mozilla.com/en-US/blocklist/
LdrLoadDll: Blocking load of 'safemon64.dll' -- see http://www.mozilla.com/en-US/blocklist/
[Child 24464, Chrome_ChildThread] WARNING: pipe error: 109: file z:/task_1572401533/build/src/ipc/chromium/src/chrome/common/ipc_channel_win.cc, line 341
[Child 24464, Chro[Parent 26928, Gecko_IOThread] WARNING: pipe error: 109: file z:/task_1572401533/build/src/ipc/chromium/src/chrome/common/ipc_channel_win.cc, line 341
[Child 24916, Chrome_ChildThread] WARNING: pipe error: 109: file z:/task_1572401533/build/src/ipc/chromium/src/chrome/common/ipc_channel_win.cc, line 341
[Child 24916, Chrome_ChildThread] WARNING: pipe error: 109: file z:/task_1572401533/build/src/ipc/chromium/src/chrome/common/ipc_chann1577004906209	Marionette	INFO	Stopped listening on port 55767
LdrLoadDll: Blocking load of 'safemon64.dll' -- see http://www.mozilla.com/en-US/blocklist/
